2026/06/21 08:35:44.373314 D:/goweb/webadmin/Backend/task/site.go:27: Sitestatus: 3 records to check
2026/06/21 08:35:50.740743 D:/goweb/webadmin/Backend/controller/shell.go:63: orderClause:id desc
2026/06/21 08:35:56.269016 D:/goweb/webadmin/Backend/controller/shell.go:63: orderClause:id desc
2026/06/21 08:36:12.584767 D:/goweb/webadmin/Backend/controller/shell.go:63: orderClause:id desc
2026/06/21 08:36:13.802007 D:/goweb/webadmin/Backend/controller/shell.go:63: orderClause:id desc
2026/06/21 08:36:51.084364 D:/goweb/webadmin/Backend/controller/shell.go:63: orderClause:id desc
2026/06/21 08:37:02.948610 D:/goweb/webadmin/Backend/controller/shell.go:63: orderClause:id desc
2026/06/21 08:37:04.364915 D:/goweb/webadmin/Backend/controller/shell.go:63: orderClause:id desc
2026/06/21 08:37:16.698488 D:/goweb/webadmin/Backend/controller/shell.go:63: orderClause:id desc
2026/06/21 08:37:17.709175 D:/goweb/webadmin/Backend/controller/shell.go:63: orderClause:id desc
2026/06/21 08:37:20.287669 D:/goweb/webadmin/Backend/controller/shell.go:63: orderClause:id desc
2026/06/21 08:37:24.600391 D:/goweb/webadmin/Backend/controller/shell.go:63: orderClause:id desc
2026/06/21 08:37:28.145293 D:/goweb/webadmin/Backend/controller/shell.go:63: orderClause:id desc
2026/06/21 08:37:32.803205 D:/goweb/webadmin/Backend/controller/shell.go:63: orderClause:id desc
2026/06/21 08:47:18.151320 D:/goweb/webadmin/Backend/controller/shell.go:63: orderClause:id desc
2026/06/21 08:47:44.904974 D:/goweb/webadmin/Backend/controller/shell.go:63: orderClause:id desc
2026/06/21 08:47:46.268789 D:/goweb/webadmin/Backend/controller/shell.go:63: orderClause:id desc
2026/06/21 08:48:43.438012 D:/goweb/webadmin/Backend/controller/shell.go:63: orderClause:id desc
2026/06/21 08:48:57.870228 D:/goweb/webadmin/Backend/controller/shell.go:63: orderClause:id desc
2026/06/21 08:49:03.407167 D:/goweb/webadmin/Backend/controller/shell.go:63: orderClause:id desc
2026/06/22 11:14:39.317549 D:/goweb/webadmin/Backend/task/site.go:27: Sitestatus: 3 records to check
2026/06/22 11:17:20.511685 D:/goweb/webadmin/Backend/task/site.go:27: Sitestatus: 3 records to check
2026/06/22 11:17:24.790672 D:/goweb/webadmin/Backend/controller/shell.go:63: orderClause:id desc
2026/06/22 11:17:26.842870 D:/goweb/webadmin/Backend/controller/shell.go:63: orderClause:id desc
2026/06/22 11:17:30.502080 D:/goweb/webadmin/Backend/controller/shell.go:63: orderClause:id desc
2026/06/22 11:17:34.453873 D:/goweb/webadmin/Backend/controller/shell.go:63: orderClause:id desc
2026/06/22 11:17:38.013165 D:/goweb/webadmin/Backend/controller/shell.go:63: orderClause:id desc
2026/06/22 14:22:04.400658 D:/goweb/webadmin/Backend/controller/shell.go:63: orderClause:id desc
2026/06/22 14:22:06.368878 D:/goweb/webadmin/Backend/controller/shell.go:63: orderClause:id desc
2026/06/22 14:22:13.525452 D:/goweb/webadmin/Backend/controller/shell.go:63: orderClause:id desc
2026/06/22 14:22:39.863531 D:/goweb/webadmin/Backend/controller/shell.go:63: orderClause:id desc
2026/06/22 14:25:48.960292 D:/goweb/webadmin/Backend/controller/shell.go:63: orderClause:id desc
2026/06/22 14:26:03.564594 D:/goweb/webadmin/Backend/controller/shell.go:63: orderClause:id desc
2026/06/22 14:26:05.942301 D:/goweb/webadmin/Backend/controller/shell.go:63: orderClause:id desc
2026/06/22 14:26:18.600734 D:/goweb/webadmin/Backend/controller/shell.go:63: orderClause:id desc
2026/06/22 14:26:23.623015 D:/goweb/webadmin/Backend/controller/shell.go:63: orderClause:id desc
2026/06/22 14:26:25.651881 D:/goweb/webadmin/Backend/controller/shell.go:63: orderClause:id desc
2026/06/22 14:26:29.899381 D:/goweb/webadmin/Backend/controller/shell.go:63: orderClause:id desc
2026/06/22 14:26:30.540131 D:/goweb/webadmin/Backend/controller/shell.go:63: orderClause:id desc
2026/06/22 14:26:32.117344 D:/goweb/webadmin/Backend/controller/shell.go:63: orderClause:id desc
2026/06/22 14:26:33.823627 D:/goweb/webadmin/Backend/controller/shell.go:63: orderClause:id desc
2026/06/22 14:44:35.540989 D:/goweb/webadmin/Backend/controller/shell.go:63: orderClause:id desc
2026/06/22 14:59:12.262555 D:/goweb/webadmin/Backend/controller/shell.go:63: orderClause:id desc
2026/06/22 16:08:21.665951 D:/goweb/webadmin/Backend/controller/shell.go:63: orderClause:id desc
2026/06/22 16:08:23.410465 D:/goweb/webadmin/Backend/controller/shell.go:63: orderClause:id desc
2026/06/22 16:08:42.319774 D:/goweb/webadmin/Backend/controller/shell.go:63: orderClause:id desc
2026/06/22 16:08:45.842449 D:/goweb/webadmin/Backend/controller/shell.go:63: orderClause:id desc
2026/06/22 16:08:48.096932 D:/goweb/webadmin/Backend/controller/shell.go:63: orderClause:id desc
2026/06/22 16:08:56.296607 D:/goweb/webadmin/Backend/controller/shell.go:63: orderClause:id desc
2026/06/22 16:09:28.257828 D:/goweb/webadmin/Backend/controller/shell.go:63: orderClause:id desc
2026/06/22 16:09:30.570805 D:/goweb/webadmin/Backend/controller/shell.go:63: orderClause:id desc
2026/06/22 16:09:36.520244 D:/goweb/webadmin/Backend/controller/shell.go:63: orderClause:id desc
2026/06/22 16:09:42.017357 D:/goweb/webadmin/Backend/controller/shell.go:63: orderClause:id desc
2026/06/22 16:09:43.209345 D:/goweb/webadmin/Backend/controller/shell.go:63: orderClause:id desc
2026/06/22 16:09:46.833151 D:/goweb/webadmin/Backend/controller/shell.go:63: orderClause:id desc
2026/06/22 16:09:50.401207 D:/goweb/webadmin/Backend/controller/shell.go:63: orderClause:id desc
2026/06/22 16:09:51.530342 D:/goweb/webadmin/Backend/controller/shell.go:63: orderClause:id desc
2026/06/22 16:10:34.381108 D:/goweb/webadmin/Backend/controller/shell.go:63: orderClause:id desc
2026/06/22 16:10:37.438191 D:/goweb/webadmin/Backend/controller/shell.go:63: orderClause:id desc
2026/06/22 17:38:00.949151 D:/goweb/webadmin/Backend/controller/shell.go:63: orderClause:id desc
2026/06/22 17:56:31.269600 D:/goweb/webadmin/Backend/controller/shell.go:63: orderClause:id desc
2026/06/23 11:08:11.145491 D:/goweb/webadmin/Backend/controller/shell.go:63: orderClause:id desc
2026/06/23 11:08:17.215009 D:/goweb/webadmin/Backend/controller/shell.go:63: orderClause:id desc
2026/06/23 11:17:20.242879 D:/goweb/webadmin/Backend/controller/shell.go:63: orderClause:id desc
2026/06/23 11:17:21.988213 D:/goweb/webadmin/Backend/controller/shell.go:63: orderClause:id desc
2026/06/23 11:17:51.501365 D:/goweb/webadmin/Backend/controller/shell.go:63: orderClause:id desc
2026/06/23 11:17:52.852794 D:/goweb/webadmin/Backend/controller/shell.go:63: orderClause:id desc
2026/06/23 11:17:55.172315 D:/goweb/webadmin/Backend/controller/shell.go:63: orderClause:id desc
2026/06/23 11:18:21.897787 D:/goweb/webadmin/Backend/controller/shell.go:63: orderClause:id desc
2026/06/23 11:19:37.851970 D:/goweb/webadmin/Backend/controller/shell.go:63: orderClause:id desc
2026/06/23 11:23:06.510851 D:/goweb/webadmin/Backend/controller/shell.go:63: orderClause:id desc
2026/06/23 11:23:07.624497 D:/goweb/webadmin/Backend/controller/shell.go:63: orderClause:id desc
2026/06/23 11:23:09.436456 D:/goweb/webadmin/Backend/controller/shell.go:63: orderClause:id desc
2026/06/23 11:27:56.725718 D:/goweb/webadmin/Backend/controller/shell.go:63: orderClause:id desc
2026/06/23 11:27:58.292296 D:/goweb/webadmin/Backend/controller/shell.go:63: orderClause:id desc
2026/06/23 11:38:21.642754 D:/goweb/webadmin/Backend/controller/shell.go:63: orderClause:id desc
2026/06/23 11:38:24.035802 D:/goweb/webadmin/Backend/controller/shell.go:63: orderClause:id desc
2026/06/23 11:52:06.916300 D:/goweb/webadmin/Backend/controller/shell.go:63: orderClause:id desc
2026/06/23 11:52:08.765376 D:/goweb/webadmin/Backend/controller/shell.go:63: orderClause:id desc
2026/06/23 11:54:40.350256 D:/goweb/webadmin/Backend/controller/shell.go:63: orderClause:id desc
2026/06/23 11:54:42.838803 D:/goweb/webadmin/Backend/controller/shell.go:63: orderClause:id desc
2026/06/23 11:54:45.085220 D:/goweb/webadmin/Backend/controller/shell.go:63: orderClause:id desc
2026/06/23 11:55:52.658405 D:/goweb/webadmin/Backend/controller/shell.go:63: orderClause:id desc
2026/06/23 11:55:55.413555 D:/goweb/webadmin/Backend/controller/shell.go:63: orderClause:id desc
2026/06/23 11:59:22.569148 D:/goweb/webadmin/Backend/controller/shell.go:63: orderClause:id desc
2026/06/23 11:59:25.262822 D:/goweb/webadmin/Backend/controller/shell.go:63: orderClause:id desc
2026/06/23 14:03:03.575416 D:/goweb/webadmin/Backend/controller/shell.go:63: orderClause:id desc
2026/06/23 14:03:05.880755 D:/goweb/webadmin/Backend/controller/shell.go:63: orderClause:id desc
2026/06/23 14:06:04.886356 D:/goweb/webadmin/Backend/controller/shell.go:63: orderClause:id desc
2026/06/23 14:07:46.008671 D:/goweb/webadmin/Backend/controller/shell.go:63: orderClause:id desc
2026/06/23 14:07:47.767274 D:/goweb/webadmin/Backend/controller/shell.go:63: orderClause:id desc
2026/06/23 14:07:59.422642 D:/goweb/webadmin/Backend/controller/shell.go:63: orderClause:id desc
2026/06/23 14:10:07.290084 D:/goweb/webadmin/Backend/controller/shell.go:63: orderClause:id desc
2026/06/23 14:10:09.222093 D:/goweb/webadmin/Backend/controller/shell.go:63: orderClause:id desc
2026/06/23 14:10:10.406545 D:/goweb/webadmin/Backend/controller/shell.go:63: orderClause:id desc
2026/06/23 14:10:48.647938 D:/goweb/webadmin/Backend/controller/shell.go:63: orderClause:id desc
2026/06/23 14:10:51.838063 D:/goweb/webadmin/Backend/controller/shell.go:63: orderClause:id desc
2026/06/23 14:11:13.510761 D:/goweb/webadmin/Backend/controller/shell.go:63: orderClause:id desc
2026/06/23 14:13:21.659802 D:/goweb/webadmin/Backend/controller/shell.go:63: orderClause:id desc
2026/06/23 14:13:23.391347 D:/goweb/webadmin/Backend/controller/shell.go:63: orderClause:id desc
2026/06/23 14:25:17.804277 D:/goweb/webadmin/Backend/controller/shell.go:63: orderClause:id desc
2026/06/23 14:25:21.464584 D:/goweb/webadmin/Backend/controller/shell.go:63: orderClause:id desc
2026/06/23 14:33:02.796622 D:/goweb/webadmin/Backend/controller/shell.go:63: orderClause:id desc
2026/06/23 14:33:06.855442 D:/goweb/webadmin/Backend/controller/shell.go:63: orderClause:id desc
2026/06/23 14:33:13.280247 D:/goweb/webadmin/Backend/controller/shell.go:63: orderClause:id desc
2026/06/23 14:37:26.790947 D:/goweb/webadmin/Backend/controller/shell.go:63: orderClause:id desc
2026/06/23 14:37:44.680441 D:/goweb/webadmin/Backend/controller/shell.go:63: orderClause:id desc
2026/06/23 14:51:06.865513 D:/goweb/webadmin/Backend/controller/shell.go:63: orderClause:id desc
2026/06/23 14:51:08.105690 D:/goweb/webadmin/Backend/controller/shell.go:63: orderClause:id desc
2026/06/23 14:54:19.134386 D:/goweb/webadmin/Backend/controller/shell.go:63: orderClause:id desc
2026/06/23 14:54:21.418476 D:/goweb/webadmin/Backend/controller/shell.go:63: orderClause:id desc
2026/06/23 14:54:41.433248 D:/goweb/webadmin/Backend/controller/shell.go:63: orderClause:id desc
2026/06/23 14:54:43.297312 D:/goweb/webadmin/Backend/controller/shell.go:63: orderClause:id desc
2026/06/23 14:55:00.017507 D:/goweb/webadmin/Backend/task/addmm.go:56: greopu:  [{1 B303  admin.php /jp2023 ###--->B304 1 0}]
2026/06/23 14:55:00.057597 D:/goweb/webadmin/Backend/task/addmm.go:121: greopu:  [{1 B303  admin.php /jp2023 ###--->B304 1 0}]
2026/06/23 14:56:00.004700 D:/goweb/webadmin/Backend/task/addmm.go:56: greopu:  [{1 B303  admin.php /jp2023 ###--->B304 1 0}]
2026/06/23 14:56:00.060343 D:/goweb/webadmin/Backend/task/addmm.go:121: greopu:  [{1 B303  admin.php /jp2023 ###--->B304 1 0}]
2026/06/23 14:57:00.055272 D:/goweb/webadmin/Backend/task/addmm.go:56: greopu:  [1]
2026/06/23 14:57:00.087196 D:/goweb/webadmin/Backend/task/addmm.go:121: greopu:  [1]
2026/06/23 14:58:00.013385 D:/goweb/webadmin/Backend/task/addmm.go:56: greopu:  [1]
2026/06/23 14:58:00.048239 D:/goweb/webadmin/Backend/task/addmm.go:121: greopu:  [1]
2026/06/23 14:59:00.037873 D:/goweb/webadmin/Backend/task/addmm.go:56: greopu:  [1]
2026/06/23 14:59:00.113075 D:/goweb/webadmin/Backend/task/addmm.go:121: greopu:  [1]
2026/06/23 15:00:00.017500 D:/goweb/webadmin/Backend/task/addmm.go:56: greopu:  [1]
2026/06/23 15:00:00.055909 D:/goweb/webadmin/Backend/task/addmm.go:121: greopu:  [1]
2026/06/23 15:01:00.018001 D:/goweb/webadmin/Backend/task/addmm.go:56: greopu:  [1]
2026/06/23 15:01:00.063108 D:/goweb/webadmin/Backend/task/addmm.go:121: greopu:  [1]
2026/06/23 15:03:35.325484 D:/goweb/webadmin/Backend/controller/shell.go:63: orderClause:id desc
2026/06/23 15:03:40.021687 D:/goweb/webadmin/Backend/controller/shell.go:63: orderClause:id desc
2026/06/23 15:03:53.290278 D:/goweb/webadmin/Backend/controller/shell.go:63: orderClause:id desc
2026/06/23 15:04:11.091119 D:/goweb/webadmin/Backend/controller/shell.go:63: orderClause:id desc
2026/06/23 15:04:12.890238 D:/goweb/webadmin/Backend/controller/shell.go:63: orderClause:id desc
2026/06/23 15:05:00.463245 D:/goweb/webadmin/Backend/controller/shell.go:63: orderClause:id desc
2026/06/23 15:05:02.634185 D:/goweb/webadmin/Backend/controller/shell.go:63: orderClause:id desc
2026/06/23 15:14:33.034358 D:/goweb/webadmin/Backend/controller/shell.go:63: orderClause:id desc
2026/06/23 15:16:13.181681 D:/goweb/webadmin/Backend/controller/shell.go:63: orderClause:id desc
2026/06/23 15:16:15.371426 D:/goweb/webadmin/Backend/controller/shell.go:63: orderClause:id desc
2026/06/23 15:16:56.391366 D:/goweb/webadmin/Backend/controller/shell.go:63: orderClause:id desc
2026/06/23 15:17:00.739437 D:/goweb/webadmin/Backend/controller/shell.go:63: orderClause:id desc
2026/06/23 15:17:07.690772 D:/goweb/webadmin/Backend/controller/shell.go:63: orderClause:id desc
2026/06/23 15:17:09.515456 D:/goweb/webadmin/Backend/controller/shell.go:63: orderClause:id desc
2026/06/23 15:20:36.598093 D:/goweb/webadmin/Backend/controller/shell.go:63: orderClause:id desc
2026/06/23 15:20:39.115856 D:/goweb/webadmin/Backend/controller/shell.go:63: orderClause:id desc
2026/06/23 15:21:26.350356 D:/goweb/webadmin/Backend/controller/shell.go:63: orderClause:id desc
2026/06/23 15:22:06.883594 D:/goweb/webadmin/Backend/controller/shell.go:63: orderClause:id desc
2026/06/23 15:27:13.155999 D:/goweb/webadmin/Backend/controller/shell.go:63: orderClause:id desc
2026/06/23 15:44:43.542257 D:/goweb/webadmin/Backend/controller/shell.go:63: orderClause:id desc
2026/06/23 15:44:54.241807 D:/goweb/webadmin/Backend/controller/shell.go:63: orderClause:id desc
2026/06/23 15:44:57.829562 D:/goweb/webadmin/Backend/controller/shell.go:63: orderClause:id desc
2026/06/23 15:45:35.806737 D:/goweb/webadmin/Backend/controller/shell.go:63: orderClause:id desc
2026/06/23 15:45:38.151754 D:/goweb/webadmin/Backend/controller/shell.go:63: orderClause:id desc
2026/06/23 15:45:43.533757 D:/goweb/webadmin/Backend/controller/shell.go:63: orderClause:id desc
2026/06/23 15:49:48.524980 D:/goweb/webadmin/Backend/controller/shell.go:63: orderClause:id desc
2026/06/23 15:51:45.134298 D:/goweb/webadmin/Backend/controller/shell.go:63: orderClause:id desc
2026/06/23 15:53:27.045547 D:/goweb/webadmin/Backend/controller/shell.go:63: orderClause:id desc
2026/06/23 15:53:29.037828 D:/goweb/webadmin/Backend/controller/shell.go:63: orderClause:id desc
2026/06/23 15:53:40.043494 D:/goweb/webadmin/Backend/controller/shell.go:63: orderClause:id desc
2026/06/23 15:53:42.358132 D:/goweb/webadmin/Backend/controller/shell.go:63: orderClause:id desc
2026/06/23 15:54:04.292038 D:/goweb/webadmin/Backend/controller/shell.go:63: orderClause:id desc
2026/06/23 16:42:47.333513 D:/goweb/webadmin/Backend/controller/shell.go:63: orderClause:id desc
2026/06/24 08:57:41.928027 D:/goweb/webadmin/Backend/controller/shell.go:63: orderClause:id desc
2026/06/24 08:57:44.771962 D:/goweb/webadmin/Backend/controller/shell.go:63: orderClause:id desc
2026/06/24 08:57:46.249226 D:/goweb/webadmin/Backend/controller/shell.go:63: orderClause:id desc
2026/06/24 08:57:48.209297 D:/goweb/webadmin/Backend/controller/shell.go:63: orderClause:id desc
2026/06/24 09:02:09.608924 D:/goweb/webadmin/Backend/controller/shell.go:63: orderClause:id desc
2026/06/24 09:02:13.569587 D:/goweb/webadmin/Backend/controller/shell.go:63: orderClause:id desc
2026/06/24 09:05:56.691636 D:/goweb/webadmin/Backend/controller/shell.go:63: orderClause:id desc
2026/06/24 09:05:59.154848 D:/goweb/webadmin/Backend/controller/shell.go:63: orderClause:id desc
2026/06/24 09:07:03.278675 D:/goweb/webadmin/Backend/controller/shell.go:63: orderClause:id desc
2026/06/24 09:07:13.847911 D:/goweb/webadmin/Backend/controller/shell.go:63: orderClause:id desc
2026/06/24 09:07:16.199770 D:/goweb/webadmin/Backend/controller/shell.go:63: orderClause:id desc
2026/06/24 09:12:37.718363 D:/goweb/webadmin/Backend/controller/shell.go:63: orderClause:id desc
2026/06/24 09:14:16.613750 D:/goweb/webadmin/Backend/controller/shell.go:63: orderClause:id desc
2026/06/24 09:14:31.345244 D:/goweb/webadmin/Backend/controller/shell.go:63: orderClause:id desc
2026/06/24 09:14:41.409387 D:/goweb/webadmin/Backend/controller/shell.go:63: orderClause:id desc
2026/06/24 09:14:43.343564 D:/goweb/webadmin/Backend/controller/shell.go:63: orderClause:id desc
2026/06/24 09:14:46.437076 D:/goweb/webadmin/Backend/controller/shell.go:63: orderClause:id desc
2026/06/24 09:14:55.694263 D:/goweb/webadmin/Backend/controller/shell.go:63: orderClause:id desc
2026/06/24 09:15:00.253988 D:/goweb/webadmin/Backend/controller/shell.go:63: orderClause:id desc
2026/06/24 09:15:31.217121 D:/goweb/webadmin/Backend/controller/shell.go:63: orderClause:id desc
2026/06/24 09:27:13.645263 D:/goweb/webadmin/Backend/controller/shell.go:63: orderClause:id desc
2026/06/24 09:27:22.046829 D:/goweb/webadmin/Backend/controller/shell.go:63: orderClause:id desc
2026/06/24 09:29:59.129566 D:/goweb/webadmin/Backend/controller/shell.go:63: orderClause:id desc
2026/06/24 09:30:03.687383 D:/goweb/webadmin/Backend/controller/shell.go:63: orderClause:id desc
2026/06/24 09:31:38.793654 D:/goweb/webadmin/Backend/controller/shell.go:63: orderClause:id desc
2026/06/24 09:31:41.947110 D:/goweb/webadmin/Backend/controller/shell.go:63: orderClause:id desc
2026/06/24 09:31:43.657672 D:/goweb/webadmin/Backend/controller/shell.go:63: orderClause:id desc
2026/06/24 09:38:37.294210 D:/goweb/webadmin/Backend/controller/shell.go:63: orderClause:id desc
2026/06/24 09:38:40.153130 D:/goweb/webadmin/Backend/controller/shell.go:63: orderClause:id desc
2026/06/24 09:42:22.631002 D:/goweb/webadmin/Backend/controller/shell.go:63: orderClause:id desc
2026/06/24 09:42:24.172725 D:/goweb/webadmin/Backend/controller/shell.go:63: orderClause:id desc
2026/06/24 09:43:11.645547 D:/goweb/webadmin/Backend/controller/shell.go:63: orderClause:id desc
2026/06/24 09:43:20.012115 D:/goweb/webadmin/Backend/controller/shell.go:63: orderClause:id desc
2026/06/24 09:49:08.081143 D:/goweb/webadmin/Backend/controller/shell.go:63: orderClause:id desc
2026/06/24 09:49:13.083251 D:/goweb/webadmin/Backend/controller/shell.go:63: orderClause:id desc
2026/06/24 09:49:28.766111 D:/goweb/webadmin/Backend/controller/shell.go:63: orderClause:id desc
2026/06/24 09:49:35.987468 D:/goweb/webadmin/Backend/controller/shell.go:63: orderClause:id desc
2026/06/24 09:49:48.827444 D:/goweb/webadmin/Backend/controller/shell.go:63: orderClause:id desc
2026/06/24 09:56:36.762694 D:/goweb/webadmin/Backend/controller/shell.go:63: orderClause:id desc
2026/06/24 09:56:38.987735 D:/goweb/webadmin/Backend/controller/shell.go:63: orderClause:id desc
2026/06/24 09:58:57.683686 D:/goweb/webadmin/Backend/controller/shell.go:63: orderClause:id desc
2026/06/24 09:58:59.692041 D:/goweb/webadmin/Backend/controller/shell.go:63: orderClause:id desc
2026/06/24 10:56:07.344082 D:/goweb/webadmin/Backend/controller/shell.go:63: orderClause:id desc
2026/06/24 10:56:09.240142 D:/goweb/webadmin/Backend/controller/shell.go:63: orderClause:id desc
2026/06/24 11:28:16.315879 D:/goweb/webadmin/Backend/controller/shell.go:63: orderClause:id desc
2026/06/24 11:28:19.993268 D:/goweb/webadmin/Backend/controller/shell.go:63: orderClause:id desc
2026/06/24 11:28:21.826541 D:/goweb/webadmin/Backend/controller/shell.go:63: orderClause:id desc
2026/06/24 11:30:17.152040 D:/goweb/webadmin/Backend/controller/shell.go:63: orderClause:id desc
2026/06/24 11:31:48.729666 D:/goweb/webadmin/Backend/controller/shell.go:63: orderClause:id desc
2026/06/24 11:31:50.024908 D:/goweb/webadmin/Backend/controller/shell.go:63: orderClause:id desc
2026/06/24 11:43:44.636429 D:/goweb/webadmin/Backend/controller/shell.go:63: orderClause:id desc
2026/06/24 11:43:49.748434 D:/goweb/webadmin/Backend/controller/shell.go:63: orderClause:id desc
2026/06/24 13:57:49.200206 D:/goweb/webadmin/Backend/controller/shell.go:63: orderClause:id desc
2026/06/24 13:57:53.405355 D:/goweb/webadmin/Backend/controller/shell.go:63: orderClause:id desc
2026/06/24 13:59:38.876422 D:/goweb/webadmin/Backend/controller/shell.go:63: orderClause:id desc
2026/06/24 14:29:26.857819 D:/goweb/webadmin/Backend/controller/shell.go:63: orderClause:id desc
2026/06/24 14:29:30.790416 D:/goweb/webadmin/Backend/controller/shell.go:63: orderClause:id desc
2026/06/24 14:29:34.054474 D:/goweb/webadmin/Backend/controller/shell.go:63: orderClause:id desc
2026/06/24 14:31:15.786279 D:/goweb/webadmin/Backend/controller/shell.go:63: orderClause:id desc
2026/06/24 14:31:19.301991 D:/goweb/webadmin/Backend/controller/shell.go:63: orderClause:id desc
2026/06/24 14:32:14.413909 D:/goweb/webadmin/Backend/controller/shell.go:63: orderClause:id desc
2026/06/24 14:32:17.623236 D:/goweb/webadmin/Backend/controller/shell.go:63: orderClause:id desc
2026/06/24 14:32:20.453974 D:/goweb/webadmin/Backend/controller/shell.go:63: orderClause:id desc
2026/06/24 14:32:21.558776 D:/goweb/webadmin/Backend/controller/shell.go:63: orderClause:id desc
2026/06/24 17:47:14.065108 D:/goweb/webadmin/Backend/controller/shell.go:63: orderClause:id desc
2026/06/24 17:47:48.981441 D:/goweb/webadmin/Backend/controller/shell.go:63: orderClause:id desc
2026/06/24 17:47:53.756193 D:/goweb/webadmin/Backend/controller/shell.go:63: orderClause:id desc
2026/06/25 09:44:20.792150 D:/goweb/webadmin/Backend/controller/shell.go:63: orderClause:id desc
2026/06/25 09:44:23.327442 D:/goweb/webadmin/Backend/controller/shell.go:63: orderClause:id desc
2026/06/25 09:44:25.057231 D:/goweb/webadmin/Backend/controller/shell.go:63: orderClause:id desc
2026/06/25 09:44:26.795186 D:/goweb/webadmin/Backend/controller/shell.go:63: orderClause:id desc
2026/06/25 09:44:35.939847 D:/goweb/webadmin/Backend/controller/shell.go:63: orderClause:id desc
2026/06/25 09:45:46.153449 D:/goweb/webadmin/Backend/controller/shell.go:63: orderClause:id desc
2026/06/25 09:45:47.801752 D:/goweb/webadmin/Backend/controller/shell.go:63: orderClause:id desc
2026/06/25 09:45:49.525237 D:/goweb/webadmin/Backend/controller/shell.go:63: orderClause:id desc
2026/06/25 09:56:02.072205 D:/goweb/webadmin/Backend/controller/shell.go:63: orderClause:id desc
2026/06/25 10:18:29.534981 D:/goweb/webadmin/Backend/controller/shell.go:63: orderClause:id desc
2026/06/25 10:18:31.567366 D:/goweb/webadmin/Backend/controller/shell.go:63: orderClause:id desc
2026/06/25 10:32:19.116779 D:/goweb/webadmin/Backend/controller/shell.go:63: orderClause:id desc
2026/06/25 10:32:24.773841 D:/goweb/webadmin/Backend/controller/shell.go:63: orderClause:id desc
2026/06/25 10:32:57.239445 D:/goweb/webadmin/Backend/controller/shell.go:63: orderClause:id desc
2026/06/25 10:32:58.673577 D:/goweb/webadmin/Backend/controller/shell.go:63: orderClause:id desc
2026/06/25 10:35:42.672466 D:/goweb/webadmin/Backend/controller/shell.go:63: orderClause:id desc
2026/06/25 10:52:30.162592 D:/goweb/webadmin/Backend/controller/shell.go:63: orderClause:id desc
2026/06/25 10:52:31.839576 D:/goweb/webadmin/Backend/controller/shell.go:63: orderClause:id desc
2026/06/25 14:08:20.347024 D:/goweb/webadmin/Backend/controller/shell.go:63: orderClause:id desc
2026/06/25 14:08:22.108045 D:/goweb/webadmin/Backend/controller/shell.go:63: orderClause:id desc
2026/06/25 14:08:23.790010 D:/goweb/webadmin/Backend/controller/shell.go:63: orderClause:id desc
2026/06/25 14:09:23.668970 D:/goweb/webadmin/Backend/controller/shell.go:63: orderClause:id desc
2026/06/25 15:31:37.020003 D:/goweb/webadmin/Backend/controller/shell.go:63: orderClause:id desc
2026/06/25 16:39:22.879724 D:/goweb/webadmin/Backend/controller/shell.go:63: orderClause:id desc
2026/06/29 16:22:09.128399 D:/goweb/webadmin/Backend/controller/shell.go:63: orderClause:id desc
2026/06/29 16:22:11.411969 D:/goweb/webadmin/Backend/controller/shell.go:63: orderClause:id desc
2026/06/29 16:22:13.706578 D:/goweb/webadmin/Backend/controller/shell.go:63: orderClause:id desc
2026/06/29 16:26:22.170348 D:/goweb/webadmin/Backend/controller/shell.go:63: orderClause:id desc
2026/06/29 16:26:24.027271 D:/goweb/webadmin/Backend/controller/shell.go:63: orderClause:id desc
2026/06/30 17:28:55.453154 D:/goweb/webadmin/Backend/controller/shell.go:63: orderClause:id desc
2026/06/30 17:28:59.044099 D:/goweb/webadmin/Backend/controller/shell.go:63: orderClause:id desc
2026/06/30 17:29:01.119456 D:/goweb/webadmin/Backend/controller/shell.go:63: orderClause:id desc
2026/06/30 17:29:04.014023 D:/goweb/webadmin/Backend/controller/shell.go:63: orderClause:id desc
2026/06/30 17:29:05.488169 D:/goweb/webadmin/Backend/controller/shell.go:63: orderClause:id desc
2026/06/30 17:29:07.840055 D:/goweb/webadmin/Backend/controller/shell.go:63: orderClause:id desc
2026/06/30 17:29:09.053596 D:/goweb/webadmin/Backend/controller/shell.go:63: orderClause:id desc
2026/06/30 17:29:11.068494 D:/goweb/webadmin/Backend/controller/shell.go:63: orderClause:id desc
2026/06/30 17:29:19.293110 D:/goweb/webadmin/Backend/controller/shell.go:63: orderClause:id desc
2026/06/30 17:29:22.052981 D:/goweb/webadmin/Backend/controller/shell.go:63: orderClause:id desc
2026/06/30 17:37:53.241938 D:/goweb/webadmin/Backend/controller/shell.go:63: orderClause:id desc
2026/07/02 09:33:18.438277 D:/goweb/webadmin/Backend/controller/shell.go:63: orderClause:id desc
2026/07/02 09:33:21.822064 D:/goweb/webadmin/Backend/controller/shell.go:63: orderClause:id desc
2026/07/02 09:33:23.863125 D:/goweb/webadmin/Backend/controller/shell.go:63: orderClause:id desc
2026/07/02 09:33:29.724868 D:/goweb/webadmin/Backend/controller/shell.go:63: orderClause:id desc
2026/07/02 09:33:38.972179 D:/goweb/webadmin/Backend/controller/shell.go:63: orderClause:id desc
2026/07/02 09:33:41.653119 D:/goweb/webadmin/Backend/controller/shell.go:63: orderClause:id desc
2026/07/02 09:35:17.649071 D:/goweb/webadmin/Backend/controller/shell.go:63: orderClause:id desc
2026/07/02 09:42:37.653009 D:/goweb/webadmin/Backend/controller/shell.go:63: orderClause:id desc
2026/07/02 09:43:38.108145 D:/goweb/webadmin/Backend/controller/shell.go:63: orderClause:id desc
2026/07/02 09:45:20.969263 D:/goweb/webadmin/Backend/controller/shell.go:63: orderClause:id desc
2026/07/02 09:45:23.781026 D:/goweb/webadmin/Backend/controller/shell.go:63: orderClause:id desc
2026/07/02 09:47:15.221985 D:/goweb/webadmin/Backend/controller/shell.go:63: orderClause:id desc
2026/07/02 09:54:28.769700 D:/goweb/webadmin/Backend/controller/shell.go:63: orderClause:id desc
2026/07/02 09:54:29.910303 D:/goweb/webadmin/Backend/controller/shell.go:63: orderClause:id desc
2026/07/02 09:56:56.910760 D:/goweb/webadmin/Backend/controller/shell.go:63: orderClause:id desc
2026/07/02 10:37:48.572018 D:/goweb/webadmin/Backend/controller/shell.go:63: orderClause:id desc
2026/07/02 10:37:58.610197 D:/goweb/webadmin/Backend/controller/shell.go:63: orderClause:id desc
2026/07/02 10:38:21.508227 D:/goweb/webadmin/Backend/controller/shell.go:63: orderClause:id desc
2026/07/02 10:40:23.083502 D:/goweb/webadmin/Backend/controller/shell.go:63: orderClause:id desc
2026/07/02 10:43:04.502241 D:/goweb/webadmin/Backend/controller/shell.go:63: orderClause:id desc
2026/07/02 10:49:07.964814 D:/goweb/webadmin/Backend/controller/shell.go:63: orderClause:id desc
2026/07/02 10:49:19.798547 D:/goweb/webadmin/Backend/controller/shell.go:63: orderClause:id desc
2026/07/02 10:49:23.014819 D:/goweb/webadmin/Backend/controller/shell.go:63: orderClause:id desc
2026/07/02 10:49:59.252937 D:/goweb/webadmin/Backend/controller/shell.go:63: orderClause:id desc
2026/07/02 10:51:05.065257 D:/goweb/webadmin/Backend/controller/shell.go:63: orderClause:id desc
2026/07/02 11:34:37.519337 D:/goweb/webadmin/Backend/controller/shell.go:63: orderClause:id desc
2026/07/02 11:35:06.858756 D:/goweb/webadmin/Backend/controller/shell.go:63: orderClause:id desc
2026/07/02 11:51:34.637862 D:/goweb/webadmin/Backend/controller/shell.go:63: orderClause:id desc
2026/07/02 11:51:37.297690 D:/goweb/webadmin/Backend/controller/shell.go:63: orderClause:id desc
2026/07/02 14:08:10.143464 D:/goweb/webadmin/Backend/controller/shell.go:63: orderClause:id desc
2026/07/02 15:24:58.968920 D:/goweb/webadmin/Backend/controller/shell.go:63: orderClause:id desc
2026/07/02 15:25:00.936102 D:/goweb/webadmin/Backend/controller/shell.go:63: orderClause:id desc
2026/07/02 15:25:04.674345 D:/goweb/webadmin/Backend/controller/shell.go:63: orderClause:id desc
2026/07/02 15:25:06.094591 D:/goweb/webadmin/Backend/controller/shell.go:63: orderClause:id desc
2026/07/02 16:37:59.218839 D:/goweb/webadmin/Backend/controller/shell.go:63: orderClause:id desc
2026/07/02 16:38:25.797485 D:/goweb/webadmin/Backend/controller/shell.go:63: orderClause:id desc
2026/07/03 10:28:08.669159 D:/goweb/webadmin/Backend/controller/shell.go:63: orderClause:id desc
2026/07/03 10:28:10.205194 D:/goweb/webadmin/Backend/controller/shell.go:63: orderClause:id desc
2026/07/03 10:28:36.162303 D:/goweb/webadmin/Backend/controller/shell.go:63: orderClause:id desc
2026/07/03 10:28:57.399228 D:/goweb/webadmin/Backend/controller/shell.go:63: orderClause:id desc
2026/07/03 10:29:24.546385 D:/goweb/webadmin/Backend/controller/shell.go:63: orderClause:id desc
2026/07/03 10:29:28.535534 D:/goweb/webadmin/Backend/controller/shell.go:63: orderClause:id desc
2026/07/03 11:01:33.751460 D:/goweb/webadmin/Backend/controller/shell.go:63: orderClause:id desc
2026/07/03 11:01:36.636051 D:/goweb/webadmin/Backend/controller/shell.go:63: orderClause:id desc
2026/07/03 11:03:08.298025 D:/goweb/webadmin/Backend/controller/shell.go:63: orderClause:id desc
2026/07/03 11:19:06.791956 D:/goweb/webadmin/Backend/controller/shell.go:63: orderClause:id desc
2026/07/03 11:19:08.626872 D:/goweb/webadmin/Backend/controller/shell.go:63: orderClause:id desc
2026/07/03 11:22:27.276151 D:/goweb/webadmin/Backend/controller/shell.go:63: orderClause:id desc
2026/07/03 11:23:02.308474 D:/goweb/webadmin/Backend/controller/shell.go:63: orderClause:id desc
2026/07/03 11:27:49.142357 D:/goweb/webadmin/Backend/controller/shell.go:63: orderClause:id desc
2026/07/03 11:37:17.294015 D:/goweb/webadmin/Backend/controller/shell.go:63: orderClause:id desc
2026/07/03 11:45:27.199800 D:/goweb/webadmin/Backend/controller/shell.go:63: orderClause:id desc
2026/07/03 11:45:32.058007 D:/goweb/webadmin/Backend/controller/shell.go:63: orderClause:id desc
2026/07/03 11:45:34.442218 D:/goweb/webadmin/Backend/controller/shell.go:63: orderClause:id desc
2026/07/03 11:47:02.281079 D:/goweb/webadmin/Backend/controller/shell.go:63: orderClause:id desc
2026/07/03 14:08:00.655621 D:/goweb/webadmin/Backend/controller/shell.go:63: orderClause:id desc
2026/07/03 14:19:07.658516 D:/goweb/webadmin/Backend/controller/shell.go:63: orderClause:id desc
2026/07/03 15:03:01.668253 D:/goweb/webadmin/Backend/controller/shell.go:63: orderClause:id desc
2026/07/03 15:03:04.035093 D:/goweb/webadmin/Backend/controller/shell.go:63: orderClause:id desc
2026/07/03 15:03:49.391945 D:/goweb/webadmin/Backend/controller/shell.go:63: orderClause:id desc
2026/07/03 15:03:52.199222 D:/goweb/webadmin/Backend/controller/shell.go:63: orderClause:id desc
2026/07/03 15:07:58.777167 D:/goweb/webadmin/Backend/controller/shell.go:63: orderClause:id desc
2026/07/03 17:35:07.799842 D:/goweb/webadmin/Backend/controller/shell.go:63: orderClause:id desc
2026/07/04 14:49:08.640954 D:/goweb/webadmin/Backend/controller/shell.go:63: orderClause:id desc
2026/07/04 15:18:00.297736 D:/goweb/webadmin/Backend/controller/shell.go:63: orderClause:id desc
2026/07/04 15:34:37.943504 D:/goweb/webadmin/Backend/controller/shell.go:63: orderClause:id desc
2026/07/04 15:35:16.963528 D:/goweb/webadmin/Backend/controller/shell.go:63: orderClause:id desc
2026/07/04 15:58:35.949948 D:/goweb/webadmin/Backend/controller/shell.go:63: orderClause:id desc
2026/07/04 16:13:35.258173 D:/goweb/webadmin/Backend/controller/shell.go:63: orderClause:id desc
2026/07/04 16:33:14.263500 D:/goweb/webadmin/Backend/controller/shell.go:63: orderClause:id desc
2026/07/06 08:19:01.977123 D:/goweb/webadmin/Backend/controller/shell.go:63: orderClause:id desc
2026/07/06 10:11:27.531622 D:/goweb/webadmin/Backend/binan/binan.go:116: read tcp 127.0.0.1:58399->127.0.0.1:1080: wsarecv: An existing connection was forcibly closed by the remote host.
2026/07/06 10:41:53.332528 D:/goweb/webadmin/Backend/binan/binan.go:116: websocket: close 1006 (abnormal closure): unexpected EOF
2026/07/06 10:44:12.389834 D:/goweb/webadmin/Backend/controller/shell.go:63: orderClause:id desc
2026/07/06 10:44:39.216928 D:/goweb/webadmin/Backend/controller/shell.go:63: orderClause:id desc
2026/07/06 10:45:03.141468 D:/goweb/webadmin/Backend/controller/shell.go:63: orderClause:id desc
2026/07/06 10:50:42.613964 D:/goweb/webadmin/Backend/controller/shell.go:63: orderClause:id desc
2026/07/06 10:52:42.029739 D:/goweb/webadmin/Backend/controller/shell.go:63: orderClause:id desc
2026/07/06 11:37:56.186993 D:/goweb/webadmin/Backend/controller/shell.go:63: orderClause:id desc
2026/07/06 11:38:45.961487 D:/goweb/webadmin/Backend/controller/shell.go:63: orderClause:id desc
2026/07/06 11:45:38.849864 D:/goweb/webadmin/Backend/controller/shell.go:63: orderClause:id desc
2026/07/06 11:46:14.722333 D:/goweb/webadmin/Backend/controller/shell.go:63: orderClause:id desc
2026/07/06 12:06:21.765488 D:/goweb/webadmin/Backend/binan/binan.go:116: websocket: close 1006 (abnormal closure): unexpected EOF
2026/07/06 14:15:14.143095 D:/goweb/webadmin/Backend/controller/shell.go:63: orderClause:id desc
2026/07/06 14:15:18.263806 D:/goweb/webadmin/Backend/controller/shell.go:63: orderClause:id desc
2026/07/06 14:15:54.802653 D:/goweb/webadmin/Backend/controller/shell.go:63: orderClause:id desc
2026/07/06 14:22:21.632831 D:/goweb/webadmin/Backend/controller/shell.go:63: orderClause:id desc
2026/07/06 14:31:41.926963 D:/goweb/webadmin/Backend/controller/shell.go:63: orderClause:id desc
2026/07/06 15:23:44.692551 D:/goweb/webadmin/Backend/binan/binan.go:116: websocket: close 1006 (abnormal closure): unexpected EOF
2026/07/06 15:39:10.156399 D:/goweb/webadmin/Backend/controller/shell.go:63: orderClause:id desc
2026/07/06 16:05:00.553735 D:/goweb/webadmin/Backend/controller/shell.go:63: orderClause:id desc
2026/07/06 16:05:02.851611 D:/goweb/webadmin/Backend/controller/shell.go:63: orderClause:id desc
